GROUP,PACKAGE,CLASS,INSTRUCTION_MISSED,INSTRUCTION_COVERED,BRANCH_MISSED,BRANCH_COVERED,LINE_MISSED,LINE_COVERED,COMPLEXITY_MISSED,COMPLEXITY_COVERED,METHOD_MISSED,METHOD_COVERED
Eureka Server,com.claimswift.eurekaserver.filter,CorrelationIdFilter.new HttpServletRequestWrapper() {...},3,45,1,3,1,9,1,5,0,4
Eureka Server,com.claimswift.eurekaserver.filter,CorrelationIdFilter,3,37,3,1,0,11,2,3,0,3
Eureka Server,com.claimswift.eurekaserver,EurekaServerApplication,5,3,0,0,2,1,1,1,1,1
Eureka Server,com.claimswift.eurekaserver.config,SecurityConfig,0,76,0,0,0,21,0,5,0,5
