<?xml version="1.0" encoding="UTF-8" standalone="yes"?><!DOCTYPE report PUBLIC "-//JACOCO//DTD Report 1.1//EN" "report.dtd"><report name="Claim Service"><sessioninfo id="shashank-70791f1e" start="1772955484779" dump="1772955513410"/><sessioninfo id="shashank-23b7f758" start="1772957083693" dump="1772957092889"/><sessioninfo id="shashank-1427a351" start="1772957110224" dump="1772957119577"/><sessioninfo id="shashank-cf1ebe34" start="1772957348195" dump="1772957359932"/><sessioninfo id="shashank-9977c5a7" start="1772959081034" dump="1772959088929"/><sessioninfo id="shashank-1e8583bb" start="1772967139547" dump="1772967150607"/><sessioninfo id="shashank-689820d0" start="1772967375734" dump="1772967386334"/><package name="com/claimswift/claimservice/service"><class name="com/claimswift/claimservice/service/ClaimService" sourcefilename="ClaimService.java"><method name="&lt;clinit&gt;" desc="()V" line="48"><counter type="INSTRUCTION" missed="0" covered="4"/><counter type="LINE" missed="0" covered="1"/><counter type="COMPLEXITY" missed="0" covered="1"/><counter type="METHOD" missed="0" covered="1"/></method><method name="submitClaim" desc="(Lcom/claimswift/claimservice/dto/ClaimRequest;Ljava/lang/Long;Ljava/lang/String;)Lcom/claimswift/claimservice/dto/ClaimResponse;" line="65"><counter type="INSTRUCTION" missed="0" covered="75"/><counter type="LINE" missed="0" covered="24"/><counter type="COMPLEXITY" missed="0" covered="1"/><counter type="METHOD" missed="0" covered="1"/></method><method name="getMyPolicies" desc="(Ljava/lang/Long;)Lcom/claimswift/claimservice/dto/PolicyPortfolioResponse;" line="99"><counter type="INSTRUCTION" missed="4" covered="129"/><counter type="BRANCH" missed="2" covered="10"/><counter type="LINE" missed="0" covered="38"/><counter type="COMPLEXITY" missed="2" covered="5"/><counter type="METHOD" missed="0" covered="1"/></method><method name="getClaimById" desc="(Ljava/lang/Long;)Lcom/claimswift/claimservice/dto/ClaimResponse;" line="150"><counter type="INSTRUCTION" missed="5" covered="0"/><counter type="LINE" missed="1" covered="0"/><counter type="COMPLEXITY" missed="1" covered="0"/><counter type="METHOD" missed="1" covered="0"/></method><method name="getClaimById" desc="(Ljava/lang/Long;Ljava/lang/Long;)Lcom/claimswift/claimservice/dto/ClaimResponse;" line="155"><counter type="INSTRUCTION" missed="0" covered="18"/><counter type="LINE" missed="0" covered="4"/><counter type="COMPLEXITY" missed="0" covered="1"/><counter type="METHOD" missed="0" covered="1"/></method><method name="getClaimByNumber" desc="(Ljava/lang/String;)Lcom/claimswift/claimservice/dto/ClaimResponse;" line="163"><counter type="INSTRUCTION" missed="5" covered="0"/><counter type="LINE" missed="1" covered="0"/><counter type="COMPLEXITY" missed="1" covered="0"/><counter type="METHOD" missed="1" covered="0"/></method><method name="getClaimByNumber" desc="(Ljava/lang/String;Ljava/lang/Long;)Lcom/claimswift/claimservice/dto/ClaimResponse;" line="168"><counter type="INSTRUCTION" missed="0" covered="18"/><counter type="LINE" missed="0" covered="4"/><counter type="COMPLEXITY" missed="0" covered="1"/><counter type="METHOD" missed="0" covered="1"/></method><method name="getClaimsByClaimant" desc="(Ljava/lang/Long;)Ljava/util/List;" line="176"><counter type="INSTRUCTION" missed="0" covered="10"/><counter type="LINE" missed="0" covered="2"/><counter type="COMPLEXITY" missed="0" covered="1"/><counter type="METHOD" missed="0" covered="1"/></method><method name="getClaimHistory" desc="(Ljava/lang/Long;)Ljava/util/List;" line="182"><counter type="INSTRUCTION" missed="0" covered="10"/><counter type="LINE" missed="0" covered="2"/><counter type="COMPLEXITY" missed="0" covered="1"/><counter type="METHOD" missed="0" covered="1"/></method><method name="upsertClaimBankDetails" desc="(Ljava/lang/Long;Lcom/claimswift/claimservice/dto/ClaimBankDetailsRequest;Ljava/lang/Long;Ljava/lang/String;)Lcom/claimswift/claimservice/dto/ClaimBankDetailsResponse;" line="193"><counter type="INSTRUCTION" missed="0" covered="85"/><counter type="BRANCH" missed="2" covered="6"/><counter type="LINE" missed="0" covered="23"/><counter type="COMPLEXITY" missed="2" covered="3"/><counter type="METHOD" missed="0" covered="1"/></method><method name="getClaimBankDetails" desc="(Ljava/lang/Long;Ljava/lang/Long;)Lcom/claimswift/claimservice/dto/ClaimBankDetailsResponse;" line="228"><counter type="INSTRUCTION" missed="0" covered="45"/><counter type="BRANCH" missed="2" covered="8"/><counter type="LINE" missed="0" covered="9"/><counter type="COMPLEXITY" missed="2" covered="4"/><counter type="METHOD" missed="0" covered="1"/></method><method name="getClaimAuditTrail" desc="(Ljava/lang/Long;)Ljava/util/List;" line="248"><counter type="INSTRUCTION" missed="0" covered="5"/><counter type="LINE" missed="0" covered="1"/><counter type="COMPLEXITY" missed="0" covered="1"/><counter type="METHOD" missed="0" covered="1"/></method><method name="getClaimAuditTrail" desc="(Ljava/lang/Long;Ljava/lang/Long;)Ljava/util/List;" line="253"><counter type="INSTRUCTION" missed="0" covered="23"/><counter type="LINE" missed="0" covered="6"/><counter type="COMPLEXITY" missed="0" covered="1"/><counter type="METHOD" missed="0" covered="1"/></method><method name="updateClaimStatus" desc="(Ljava/lang/Long;Lcom/claimswift/claimservice/dto/ClaimStatusUpdateRequest;Ljava/lang/Long;Ljava/lang/String;)Lcom/claimswift/claimservice/dto/ClaimResponse;" line="263"><counter type="INSTRUCTION" missed="4" covered="111"/><counter type="BRANCH" missed="2" covered="6"/><counter type="LINE" missed="1" covered="28"/><counter type="COMPLEXITY" missed="2" covered="3"/><counter type="METHOD" missed="0" covered="1"/></method><method name="getClaimsByStatus" desc="(Ljava/lang/String;)Ljava/util/List;" line="310"><counter type="INSTRUCTION" missed="0" covered="13"/><counter type="LINE" missed="0" covered="3"/><counter type="COMPLEXITY" missed="0" covered="1"/><counter type="METHOD" missed="0" covered="1"/></method><method name="getClaimsPage" desc="(IILjava/lang/String;Ljava/lang/String;Ljava/lang/String;)Lorg/springframework/data/domain/Page;" line="317"><counter type="INSTRUCTION" missed="0" covered="50"/><counter type="BRANCH" missed="1" covered="5"/><counter type="LINE" missed="0" covered="8"/><counter type="COMPLEXITY" missed="1" covered="3"/><counter type="METHOD" missed="0" covered="1"/></method><method name="updateClaim" desc="(Ljava/lang/Long;Lcom/claimswift/claimservice/dto/ClaimRequest;Ljava/lang/String;)Lcom/claimswift/claimservice/dto/ClaimResponse;" line="333"><counter type="INSTRUCTION" missed="0" covered="42"/><counter type="LINE" missed="0" covered="15"/><counter type="COMPLEXITY" missed="0" covered="1"/><counter type="METHOD" missed="0" covered="1"/></method><method name="deleteClaim" desc="(Ljava/lang/Long;)V" line="353"><counter type="INSTRUCTION" missed="0" covered="17"/><counter type="BRANCH" missed="0" covered="2"/><counter type="LINE" missed="0" covered="4"/><counter type="COMPLEXITY" missed="0" covered="2"/><counter type="METHOD" missed="0" covered="1"/></method><method name="getAssignedClaims" desc="(Ljava/lang/Long;)Ljava/util/List;" line="361"><counter type="INSTRUCTION" missed="0" covered="9"/><counter type="LINE" missed="0" covered="1"/><counter type="COMPLEXITY" missed="0" covered="1"/><counter type="METHOD" missed="0" covered="1"/></method><method name="assignClaim" desc="(Ljava/lang/Long;Ljava/lang/Long;Ljava/lang/String;)Lcom/claimswift/claimservice/dto/ClaimResponse;" line="366"><counter type="INSTRUCTION" missed="0" covered="54"/><counter type="LINE" missed="0" covered="18"/><counter type="COMPLEXITY" missed="0" covered="1"/><counter type="METHOD" missed="0" covered="1"/></method><method name="unassignClaim" desc="(Ljava/lang/Long;Ljava/lang/String;)Lcom/claimswift/claimservice/dto/ClaimResponse;" line="390"><counter type="INSTRUCTION" missed="0" covered="67"/><counter type="BRANCH" missed="0" covered="4"/><counter type="LINE" missed="0" covered="22"/><counter type="COMPLEXITY" missed="0" covered="3"/><counter type="METHOD" missed="0" covered="1"/></method><method name="getClaimStatistics" desc="()Ljava/util/Map;" line="423"><counter type="INSTRUCTION" missed="0" covered="125"/><counter type="LINE" missed="0" covered="22"/><counter type="COMPLEXITY" missed="0" covered="1"/><counter type="METHOD" missed="0" covered="1"/></method><method name="searchClaims" desc="(Ljava/lang/String;)Ljava/util/List;" line="450"><counter type="INSTRUCTION" missed="0" covered="8"/><counter type="LINE" missed="0" covered="1"/><counter type="COMPLEXITY" missed="0" covered="1"/><counter type="METHOD" missed="0" covered="1"/></method><method name="searchMyClaims" desc="(Ljava/lang/Long;Ljava/lang/String;Ljava/lang/String;Ljava/lang/String;Ljava/lang/String;)Ljava/util/List;" line="461"><counter type="INSTRUCTION" missed="0" covered="30"/><counter type="BRANCH" missed="1" covered="3"/><counter type="LINE" missed="0" covered="9"/><counter type="COMPLEXITY" missed="1" covered="2"/><counter type="METHOD" missed="0" covered="1"/></method><method name="getAllClaims" desc="()Ljava/util/List;" line="477"><counter type="INSTRUCTION" missed="0" covered="7"/><counter type="LINE" missed="0" covered="1"/><counter type="COMPLEXITY" missed="0" covered="1"/><counter type="METHOD" missed="0" covered="1"/></method><method name="getClaimsByAdjuster" desc="(Ljava/lang/Long;)Ljava/util/List;" line="482"><counter type="INSTRUCTION" missed="0" covered="8"/><counter type="LINE" missed="0" covered="1"/><counter type="COMPLEXITY" missed="0" covered="1"/><counter type="METHOD" missed="0" covered="1"/></method><method name="getClaimsSummary" desc="(Ljava/lang/String;Ljava/lang/String;)Ljava/util/Map;" line="487"><counter type="INSTRUCTION" missed="0" covered="18"/><counter type="LINE" missed="0" covered="4"/><counter type="COMPLEXITY" missed="0" covered="1"/><counter type="METHOD" missed="0" covered="1"/></method><method name="generateClaimNumber" desc="()Ljava/lang/String;" line="494"><counter type="INSTRUCTION" missed="0" covered="8"/><counter type="LINE" missed="0" covered="1"/><counter type="COMPLEXITY" missed="0" covered="1"/><counter type="METHOD" missed="0" covered="1"/></method><method name="resolvePolicyForClaimSubmission" desc="(Lcom/claimswift/claimservice/dto/ClaimRequest;Ljava/lang/Long;)Lcom/claimswift/claimservice/entity/Policy;" line="498"><counter type="INSTRUCTION" missed="6" covered="75"/><counter type="BRANCH" missed="3" covered="9"/><counter type="LINE" missed="1" covered="19"/><counter type="COMPLEXITY" missed="3" covered="4"/><counter type="METHOD" missed="0" covered="1"/></method><method name="ensureDefaultPolicies" desc="(Ljava/lang/Long;)V" line="533"><counter type="INSTRUCTION" missed="132" covered="6"/><counter type="BRANCH" missed="1" covered="1"/><counter type="LINE" missed="47" covered="2"/><counter type="COMPLEXITY" missed="1" covered="1"/><counter type="METHOD" missed="0" covered="1"/></method><method name="reportClaimEvent" desc="(Lcom/claimswift/claimservice/entity/Claim;Ljava/lang/String;)V" line="591"><counter type="INSTRUCTION" missed="5" covered="32"/><counter type="LINE" missed="1" covered="8"/><counter type="COMPLEXITY" missed="0" covered="1"/><counter type="METHOD" missed="0" covered="1"/></method><method name="reportStatusChange" desc="(Lcom/claimswift/claimservice/entity/Claim;Ljava/lang/String;Ljava/lang/String;)V" line="604"><counter type="INSTRUCTION" missed="5" covered="38"/><counter type="LINE" missed="1" covered="9"/><counter type="COMPLEXITY" missed="0" covered="1"/><counter type="METHOD" missed="0" covered="1"/></method><method name="notifyAssessmentComplete" desc="(Lcom/claimswift/claimservice/entity/Claim;)V" line="618"><counter type="INSTRUCTION" missed="5" covered="28"/><counter type="LINE" missed="1" covered="7"/><counter type="COMPLEXITY" missed="0" covered="1"/><counter type="METHOD" missed="0" covered="1"/></method><method name="notifyClaimStatus" desc="(Lcom/claimswift/claimservice/entity/Claim;Ljava/lang/String;)V" line="630"><counter type="INSTRUCTION" missed="7" covered="33"/><counter type="LINE" missed="1" covered="8"/><counter type="COMPLEXITY" missed="0" covered="1"/><counter type="METHOD" missed="0" covered="1"/></method><method name="notifyAdjusterAssignment" desc="(Lcom/claimswift/claimservice/entity/Claim;Ljava/lang/Long;Ljava/lang/String;)V" line="643"><counter type="INSTRUCTION" missed="7" covered="58"/><counter type="LINE" missed="1" covered="13"/><counter type="COMPLEXITY" missed="0" covered="1"/><counter type="METHOD" missed="0" covered="1"/></method><method name="notifyManagersReviewRequested" desc="(Lcom/claimswift/claimservice/entity/Claim;Ljava/lang/String;Ljava/lang/String;)V" line="661"><counter type="INSTRUCTION" missed="22" covered="85"/><counter type="BRANCH" missed="2" covered="4"/><counter type="LINE" missed="3" covered="22"/><counter type="COMPLEXITY" missed="2" covered="2"/><counter type="METHOD" missed="0" covered="1"/></method><method name="getActiveManagerIds" desc="()Ljava/util/List;" line="696"><counter type="INSTRUCTION" missed="12" covered="41"/><counter type="BRANCH" missed="2" covered="2"/><counter type="LINE" missed="5" covered="12"/><counter type="COMPLEXITY" missed="2" covered="1"/><counter type="METHOD" missed="0" covered="1"/></method><method name="applyApprovedAmount" desc="(Lcom/claimswift/claimservice/entity/Claim;Lcom/claimswift/claimservice/entity/Claim$ClaimStatus;Ljava/math/BigDecimal;)V" line="719"><counter type="INSTRUCTION" missed="4" covered="19"/><counter type="BRANCH" missed="4" covered="6"/><counter type="LINE" missed="2" covered="6"/><counter type="COMPLEXITY" missed="4" covered="2"/><counter type="METHOD" missed="0" covered="1"/></method><method name="validateStatusTransition" desc="(Lcom/claimswift/claimservice/entity/Claim$ClaimStatus;Lcom/claimswift/claimservice/entity/Claim$ClaimStatus;)V" line="732"><counter type="INSTRUCTION" missed="9" covered="13"/><counter type="BRANCH" missed="1" covered="1"/><counter type="LINE" missed="1" covered="3"/><counter type="COMPLEXITY" missed="1" covered="1"/><counter type="METHOD" missed="0" covered="1"/></method><method name="validateRoleBasedStatusUpdate" desc="(Lcom/claimswift/claimservice/entity/Claim$ClaimStatus;)V" line="739"><counter type="INSTRUCTION" missed="2" covered="46"/><counter type="BRANCH" missed="5" covered="9"/><counter type="LINE" missed="1" covered="13"/><counter type="COMPLEXITY" missed="5" covered="3"/><counter type="METHOD" missed="0" covered="1"/></method><method name="assertCanAccessClaim" desc="(Lcom/claimswift/claimservice/entity/Claim;Ljava/lang/Long;)V" line="758"><counter type="INSTRUCTION" missed="0" covered="35"/><counter type="BRANCH" missed="3" covered="11"/><counter type="LINE" missed="0" covered="8"/><counter type="COMPLEXITY" missed="3" covered="5"/><counter type="METHOD" missed="0" covered="1"/></method><method name="assertCanUpdateClaim" desc="(Lcom/claimswift/claimservice/entity/Claim;Ljava/lang/Long;)V" line="773"><counter type="INSTRUCTION" missed="0" covered="19"/><counter type="BRANCH" missed="2" covered="6"/><counter type="LINE" missed="0" covered="4"/><counter type="COMPLEXITY" missed="2" covered="3"/><counter type="METHOD" missed="0" covered="1"/></method><method name="isAdjusterOnly" desc="()Z" line="781"><counter type="INSTRUCTION" missed="0" covered="32"/><counter type="BRANCH" missed="2" covered="6"/><counter type="LINE" missed="0" covered="9"/><counter type="COMPLEXITY" missed="2" covered="3"/><counter type="METHOD" missed="0" covered="1"/></method><method name="isPolicyholderOnly" desc="()Z" line="794"><counter type="INSTRUCTION" missed="0" covered="36"/><counter type="BRANCH" missed="3" covered="7"/><counter type="LINE" missed="0" covered="10"/><counter type="COMPLEXITY" missed="3" covered="3"/><counter type="METHOD" missed="0" covered="1"/></method><method name="buildAllowedTransitions" desc="()Ljava/util/Map;" line="808"><counter type="INSTRUCTION" missed="0" covered="63"/><counter type="LINE" missed="0" covered="10"/><counter type="COMPLEXITY" missed="0" covered="1"/><counter type="METHOD" missed="0" covered="1"/></method><method name="applyClaimantSnapshot" desc="(Lcom/claimswift/claimservice/entity/Claim;Ljava/lang/String;)V" line="822"><counter type="INSTRUCTION" missed="0" covered="62"/><counter type="BRANCH" missed="3" covered="3"/><counter type="LINE" missed="0" covered="17"/><counter type="COMPLEXITY" missed="3" covered="1"/><counter type="METHOD" missed="0" covered="1"/></method><method name="toTrimmedString" desc="(Ljava/lang/Object;)Ljava/lang/String;" line="846"><counter type="INSTRUCTION" missed="2" covered="13"/><counter type="BRANCH" missed="1" covered="3"/><counter type="LINE" missed="1" covered="3"/><counter type="COMPLEXITY" missed="1" covered="2"/><counter type="METHOD" missed="0" covered="1"/></method><method name="parseLong" desc="(Ljava/lang/Object;)Ljava/lang/Long;" line="854"><counter type="INSTRUCTION" missed="10" covered="12"/><counter type="BRANCH" missed="2" covered="2"/><counter type="LINE" missed="4" covered="3"/><counter type="COMPLEXITY" missed="2" covered="1"/><counter type="METHOD" missed="0" covered="1"/></method><method name="normalizeQuery" desc="(Ljava/lang/String;)Ljava/lang/String;" line="868"><counter type="INSTRUCTION" missed="2" covered="13"/><counter type="BRANCH" missed="1" covered="3"/><counter type="LINE" missed="0" covered="4"/><counter type="COMPLEXITY" missed="1" covered="2"/><counter type="METHOD" missed="0" covered="1"/></method><method name="parseDate" desc="(Ljava/lang/String;)Ljava/time/LocalDate;" line="876"><counter type="INSTRUCTION" missed="2" covered="15"/><counter type="BRANCH" missed="2" covered="2"/><counter type="LINE" missed="1" covered="4"/><counter type="COMPLEXITY" missed="2" covered="1"/><counter type="METHOD" missed="0" covered="1"/></method><method name="hasSettlementBankDetails" desc="(Lcom/claimswift/claimservice/entity/Claim;)Z" line="887"><counter type="INSTRUCTION" missed="0" covered="24"/><counter type="BRANCH" missed="3" covered="5"/><counter type="LINE" missed="0" covered="4"/><counter type="COMPLEXITY" missed="3" covered="2"/><counter type="METHOD" missed="0" covered="1"/></method><method name="toBankDetailsResponse" desc="(Lcom/claimswift/claimservice/entity/Claim;)Lcom/claimswift/claimservice/dto/ClaimBankDetailsResponse;" line="894"><counter type="INSTRUCTION" missed="0" covered="21"/><counter type="LINE" missed="0" covered="8"/><counter type="COMPLEXITY" missed="0" covered="1"/><counter type="METHOD" missed="0" covered="1"/></method><method name="toAuditResponse" desc="(Lcom/claimswift/claimservice/entity/ClaimAuditEvent;)Lcom/claimswift/claimservice/dto/ClaimAuditEventResponse;" line="905"><counter type="INSTRUCTION" missed="0" covered="36"/><counter type="LINE" missed="0" covered="13"/><counter type="COMPLEXITY" missed="0" covered="1"/><counter type="METHOD" missed="0" covered="1"/></method><method name="recordAuditEvent" desc="(Lcom/claimswift/claimservice/entity/Claim;Lcom/claimswift/claimservice/entity/ClaimAuditEvent$AuditAction;Lcom/claimswift/claimservice/entity/Claim$ClaimStatus;Lcom/claimswift/claimservice/entity/Claim$ClaimStatus;Ljava/lang/String;Ljava/lang/String;Ljava/lang/Long;Ljava/math/BigDecimal;)V" line="930"><counter type="INSTRUCTION" missed="0" covered="29"/><counter type="LINE" missed="0" covered="13"/><counter type="COMPLEXITY" missed="0" covered="1"/><counter type="METHOD" missed="0" covered="1"/></method><method name="lambda$0" desc="(Ljava/lang/Long;)Ljava/lang/RuntimeException;" line="156"><counter type="INSTRUCTION" missed="0" covered="7"/><counter type="LINE" missed="0" covered="1"/><counter type="COMPLEXITY" missed="0" covered="1"/><counter type="METHOD" missed="0" covered="1"/></method><method name="lambda$1" desc="(Ljava/lang/String;)Ljava/lang/RuntimeException;" line="169"><counter type="INSTRUCTION" missed="0" covered="6"/><counter type="LINE" missed="0" covered="1"/><counter type="COMPLEXITY" missed="0" covered="1"/><counter type="METHOD" missed="0" covered="1"/></method><method name="lambda$2" desc="(Ljava/lang/Long;)Ljava/lang/RuntimeException;" line="194"><counter type="INSTRUCTION" missed="7" covered="0"/><counter type="LINE" missed="1" covered="0"/><counter type="COMPLEXITY" missed="1" covered="0"/><counter type="METHOD" missed="1" covered="0"/></method><method name="lambda$3" desc="(Ljava/lang/Long;)Ljava/lang/RuntimeException;" line="229"><counter type="INSTRUCTION" missed="7" covered="0"/><counter type="LINE" missed="1" covered="0"/><counter type="COMPLEXITY" missed="1" covered="0"/><counter type="METHOD" missed="1" covered="0"/></method><method name="lambda$4" desc="(Ljava/lang/Long;)Ljava/lang/RuntimeException;" line="254"><counter type="INSTRUCTION" missed="7" covered="0"/><counter type="LINE" missed="1" covered="0"/><counter type="COMPLEXITY" missed="1" covered="0"/><counter type="METHOD" missed="1" covered="0"/></method><method name="lambda$6" desc="(Ljava/lang/Long;)Ljava/lang/RuntimeException;" line="264"><counter type="INSTRUCTION" missed="7" covered="0"/><counter type="LINE" missed="1" covered="0"/><counter type="COMPLEXITY" missed="1" covered="0"/><counter type="METHOD" missed="1" covered="0"/></method><method name="lambda$8" desc="(Ljava/lang/Long;)Ljava/lang/RuntimeException;" line="334"><counter type="INSTRUCTION" missed="7" covered="0"/><counter type="LINE" missed="1" covered="0"/><counter type="COMPLEXITY" missed="1" covered="0"/><counter type="METHOD" missed="1" covered="0"/></method><method name="lambda$9" desc="(Ljava/lang/Long;)Ljava/lang/RuntimeException;" line="367"><counter type="INSTRUCTION" missed="7" covered="0"/><counter type="LINE" missed="1" covered="0"/><counter type="COMPLEXITY" missed="1" covered="0"/><counter type="METHOD" missed="1" covered="0"/></method><method name="lambda$10" desc="(Ljava/lang/Long;)Ljava/lang/RuntimeException;" line="391"><counter type="INSTRUCTION" missed="7" covered="0"/><counter type="LINE" missed="1" covered="0"/><counter type="COMPLEXITY" missed="1" covered="0"/><counter type="METHOD" missed="1" covered="0"/></method><method name="lambda$11" desc="()Ljava/lang/IllegalArgumentException;" line="506"><counter type="INSTRUCTION" missed="5" covered="0"/><counter type="LINE" missed="1" covered="0"/><counter type="COMPLEXITY" missed="1" covered="0"/><counter type="METHOD" missed="1" covered="0"/></method><method name="lambda$14" desc="(Ljava/util/Map;)Z" line="707"><counter type="INSTRUCTION" missed="0" covered="7"/><counter type="LINE" missed="0" covered="1"/><counter type="COMPLEXITY" missed="0" covered="1"/><counter type="METHOD" missed="0" covered="1"/></method><method name="lambda$15" desc="(Ljava/util/Map;)Ljava/lang/Long;" line="708"><counter type="INSTRUCTION" missed="0" covered="6"/><counter type="LINE" missed="0" covered="1"/><counter type="COMPLEXITY" missed="0" covered="1"/><counter type="METHOD" missed="0" covered="1"/></method><method name="lambda$16" desc="(Ljava/lang/Long;)Z" line="709"><counter type="INSTRUCTION" missed="1" covered="10"/><counter type="BRANCH" missed="2" covered="2"/><counter type="LINE" missed="0" covered="1"/><counter type="COMPLEXITY" missed="2" covered="1"/><counter type="METHOD" missed="0" covered="1"/></method><counter type="INSTRUCTION" missed="305" covered="1909"/><counter type="BRANCH" missed="52" covered="126"/><counter type="LINE" missed="74" covered="484"/><counter type="COMPLEXITY" missed="62" covered="94"/><counter type="METHOD" missed="10" covered="57"/><counter type="CLASS" missed="0" covered="1"/></class><sourcefile name="ClaimService.java"><line nr="48" mi="0" ci="4" mb="0" cb="0"/><line nr="65" mi="0" ci="5" mb="0" cb="0"/><line nr="67" mi="0" ci="5" mb="0" cb="0"/><line nr="68" mi="0" ci="4" mb="0" cb="0"/><line nr="69" mi="0" ci="4" mb="0" cb="0"/><line nr="70" mi="0" ci="4" mb="0" cb="0"/><line nr="71" mi="0" ci="3" mb="0" cb="0"/><line nr="72" mi="0" ci="4" mb="0" cb="0"/><line nr="73" mi="0" ci="3" mb="0" cb="0"/><line nr="74" mi="0" ci="3" mb="0" cb="0"/><line nr="75" mi="0" ci="3" mb="0" cb="0"/><line nr="77" mi="0" ci="6" mb="0" cb="0"/><line nr="78" mi="0" ci="5" mb="0" cb="0"/><line nr="79" mi="0" ci="2" mb="0" cb="0"/><line nr="80" mi="0" ci="1" mb="0" cb="0"/><line nr="81" mi="0" ci="1" mb="0" cb="0"/><line nr="82" mi="0" ci="1" mb="0" cb="0"/><line nr="83" mi="0" ci="1" mb="0" cb="0"/><line nr="84" mi="0" ci="1" mb="0" cb="0"/><line nr="85" mi="0" ci="1" mb="0" cb="0"/><line nr="86" mi="0" ci="2" mb="0" cb="0"/><line nr="87" mi="0" ci="2" mb="0" cb="0"/><line nr="91" mi="0" ci="4" mb="0" cb="0"/><line nr="92" mi="0" ci="5" mb="0" cb="0"/><line nr="94" mi="0" ci="5" mb="0" cb="0"/><line nr="99" mi="0" ci="3" mb="0" cb="0"/><line nr="101" mi="0" ci="5" mb="0" cb="0"/><line nr="102" mi="0" ci="2" mb="0" cb="0"/><line nr="103" mi="0" ci="2" mb="0" cb="0"/><line nr="104" mi="0" ci="2" mb="0" cb="0"/><line nr="105" mi="0" ci="4" mb="0" cb="0"/><line nr="107" mi="0" ci="11" mb="0" cb="2"/><line nr="108" mi="0" ci="9" mb="0" cb="2"/><line nr="109" mi="0" ci="4" mb="0" cb="2"/><line nr="110" mi="0" ci="4" mb="0" cb="0"/><line nr="111" mi="0" ci="1" mb="0" cb="0"/><line nr="112" mi="0" ci="4" mb="0" cb="0"/><line nr="115" mi="0" ci="4" mb="0" cb="0"/><line nr="116" mi="0" ci="2" mb="0" cb="0"/><line nr="117" mi="0" ci="3" mb="0" cb="0"/><line nr="119" mi="2" ci="7" mb="1" cb="1"/><line nr="120" mi="0" ci="4" mb="0" cb="2"/><line nr="121" mi="0" ci="2" mb="0" cb="0"/><line nr="124" mi="0" ci="4" mb="0" cb="0"/><line nr="125" mi="0" ci="3" mb="0" cb="0"/><line nr="126" mi="0" ci="3" mb="0" cb="0"/><line nr="127" mi="0" ci="3" mb="0" cb="0"/><line nr="128" mi="0" ci="3" mb="0" cb="0"/><line nr="129" mi="0" ci="3" mb="0" cb="0"/><line nr="130" mi="0" ci="3" mb="0" cb="0"/><line nr="131" mi="0" ci="3" mb="0" cb="0"/><line nr="132" mi="2" ci="4" mb="1" cb="1"/><line nr="133" mi="0" ci="2" mb="0" cb="0"/><line nr="134" mi="0" ci="3" mb="0" cb="0"/><line nr="135" mi="0" ci="3" mb="0" cb="0"/><line nr="136" mi="0" ci="2" mb="0" cb="0"/><line nr="137" mi="0" ci="1" mb="0" cb="0"/><line nr="140" mi="0" ci="2" mb="0" cb="0"/><line nr="141" mi="0" ci="5" mb="0" cb="0"/><line nr="142" mi="0" ci="3" mb="0" cb="0"/><line nr="143" mi="0" ci="3" mb="0" cb="0"/><line nr="144" mi="0" ci="2" mb="0" cb="0"/><line nr="145" mi="0" ci="1" mb="0" cb="0"/><line nr="150" mi="5" ci="0" mb="0" cb="0"/><line nr="155" mi="0" ci="5" mb="0" cb="0"/><line nr="156" mi="0" ci="11" mb="0" cb="0"/><line nr="157" mi="0" ci="4" mb="0" cb="0"/><line nr="158" mi="0" ci="5" mb="0" cb="0"/><line nr="163" mi="5" ci="0" mb="0" cb="0"/><line nr="168" mi="0" ci="5" mb="0" cb="0"/><line nr="169" mi="0" ci="10" mb="0" cb="0"/><line nr="170" mi="0" ci="4" mb="0" cb="0"/><line nr="171" mi="0" ci="5" mb="0" cb="0"/><line nr="176" mi="0" ci="5" mb="0" cb="0"/><line nr="177" mi="0" ci="5" mb="0" cb="0"/><line nr="182" mi="0" ci="5" mb="0" cb="0"/><line nr="183" mi="0" ci="5" mb="0" cb="0"/><line nr="193" mi="0" ci="5" mb="0" cb="0"/><line nr="194" mi="7" ci="4" mb="0" cb="0"/><line nr="196" mi="0" ci="7" mb="1" cb="3"/><line nr="197" mi="0" ci="5" mb="0" cb="0"/><line nr="200" mi="0" ci="8" mb="1" cb="3"/><line nr="201" mi="0" ci="5" mb="0" cb="0"/><line nr="204" mi="0" ci="5" mb="0" cb="0"/><line nr="205" mi="0" ci="5" mb="0" cb="0"/><line nr="206" mi="0" ci="6" mb="0" cb="0"/><line nr="207" mi="0" ci="5" mb="0" cb="0"/><line nr="208" mi="0" ci="3" mb="0" cb="0"/><line nr="209" mi="0" ci="3" mb="0" cb="0"/><line nr="211" mi="0" ci="6" mb="0" cb="0"/><line nr="212" mi="0" ci="2" mb="0" cb="0"/><line nr="213" mi="0" ci="1" mb="0" cb="0"/><line nr="214" mi="0" ci="1" mb="0" cb="0"/><line nr="215" mi="0" ci="2" mb="0" cb="0"/><line nr="216" mi="0" ci="2" mb="0" cb="0"/><line nr="217" mi="0" ci="1" mb="0" cb="0"/><line nr="218" mi="0" ci="1" mb="0" cb="0"/><line nr="219" mi="0" ci="2" mb="0" cb="0"/><line nr="220" mi="0" ci="2" mb="0" cb="0"/><line nr="223" mi="0" ci="4" mb="0" cb="0"/><line nr="228" mi="0" ci="5" mb="0" cb="0"/><line nr="229" mi="7" ci="4" mb="0" cb="0"/><line nr="231" mi="0" ci="3" mb="0" cb="2"/><line nr="232" mi="0" ci="5" mb="0" cb="0"/><line nr="235" mi="0" ci="10" mb="2" cb="4"/><line nr="236" mi="0" ci="5" mb="0" cb="0"/><line nr="239" mi="0" ci="4" mb="0" cb="2"/><line nr="240" mi="0" ci="5" mb="0" cb="0"/><line nr="243" mi="0" ci="4" mb="0" cb="0"/><line nr="248" mi="0" ci="5" mb="0" cb="0"/><line nr="253" mi="0" ci="5" mb="0" cb="0"/><line nr="254" mi="7" ci="4" mb="0" cb="0"/><line nr="255" mi="0" ci="4" mb="0" cb="0"/><line nr="256" mi="0" ci="6" mb="0" cb="0"/><line nr="257" mi="0" ci="3" mb="0" cb="0"/><line nr="258" mi="0" ci="1" mb="0" cb="0"/><line nr="263" mi="0" ci="5" mb="0" cb="0"/><line nr="264" mi="7" ci="4" mb="0" cb="0"/><line nr="265" mi="0" ci="4" mb="0" cb="0"/><line nr="267" mi="0" ci="3" mb="0" cb="0"/><line nr="268" mi="0" ci="3" mb="0" cb="0"/><line nr="269" mi="0" ci="3" mb="0" cb="0"/><line nr="270" mi="0" ci="4" mb="0" cb="0"/><line nr="272" mi="0" ci="4" mb="0" cb="0"/><line nr="274" mi="0" ci="3" mb="1" cb="1"/><line nr="275" mi="4" ci="0" mb="0" cb="0"/><line nr="278" mi="0" ci="6" mb="0" cb="0"/><line nr="280" mi="0" ci="6" mb="0" cb="0"/><line nr="281" mi="0" ci="18" mb="0" cb="0"/><line nr="282" mi="0" ci="2" mb="0" cb="0"/><line nr="283" mi="0" ci="1" mb="0" cb="0"/><line nr="284" mi="0" ci="1" mb="0" cb="0"/><line nr="285" mi="0" ci="1" mb="0" cb="0"/><line nr="286" mi="0" ci="1" mb="0" cb="0"/><line nr="287" mi="0" ci="1" mb="0" cb="0"/><line nr="288" mi="0" ci="2" mb="0" cb="0"/><line nr="289" mi="0" ci="2" mb="0" cb="0"/><line nr="290" mi="0" ci="2" mb="0" cb="0"/><line nr="294" mi="0" ci="7" mb="0" cb="0"/><line nr="295" mi="0" ci="5" mb="0" cb="0"/><line nr="296" mi="0" ci="6" mb="1" cb="3"/><line nr="297" mi="0" ci="6" mb="0" cb="0"/><line nr="301" mi="0" ci="3" mb="0" cb="2"/><line nr="302" mi="0" ci="3" mb="0" cb="0"/><line nr="305" mi="0" ci="5" mb="0" cb="0"/><line nr="310" mi="0" ci="3" mb="0" cb="0"/><line nr="311" mi="0" ci="5" mb="0" cb="0"/><line nr="312" mi="0" ci="5" mb="0" cb="0"/><line nr="317" mi="0" ci="15" mb="0" cb="2"/><line nr="318" mi="0" ci="5" mb="0" cb="0"/><line nr="321" mi="0" ci="5" mb="1" cb="3"/><line nr="322" mi="0" ci="4" mb="0" cb="0"/><line nr="323" mi="0" ci="6" mb="0" cb="0"/><line nr="324" mi="0" ci="1" mb="0" cb="0"/><line nr="325" mi="0" ci="5" mb="0" cb="0"/><line nr="328" mi="0" ci="9" mb="0" cb="0"/><line nr="333" mi="0" ci="5" mb="0" cb="0"/><line nr="334" mi="7" ci="4" mb="0" cb="0"/><line nr="335" mi="0" ci="5" mb="0" cb="0"/><line nr="336" mi="0" ci="3" mb="0" cb="0"/><line nr="337" mi="0" ci="6" mb="0" cb="0"/><line nr="338" mi="0" ci="2" mb="0" cb="0"/><line nr="339" mi="0" ci="1" mb="0" cb="0"/><line nr="340" mi="0" ci="1" mb="0" cb="0"/><line nr="341" mi="0" ci="2" mb="0" cb="0"/><line nr="342" mi="0" ci="2" mb="0" cb="0"/><line nr="343" mi="0" ci="1" mb="0" cb="0"/><line nr="344" mi="0" ci="1" mb="0" cb="0"/><line nr="345" mi="0" ci="2" mb="0" cb="0"/><line nr="346" mi="0" ci="2" mb="0" cb="0"/><line nr="348" mi="0" ci="5" mb="0" cb="0"/><line nr="353" mi="0" ci="5" mb="0" cb="2"/><line nr="354" mi="0" ci="7" mb="0" cb="0"/><line nr="356" mi="0" ci="4" mb="0" cb="0"/><line nr="357" mi="0" ci="1" mb="0" cb="0"/><line nr="361" mi="0" ci="9" mb="0" cb="0"/><line nr="366" mi="0" ci="5" mb="0" cb="0"/><line nr="367" mi="7" ci="4" mb="0" cb="0"/><line nr="369" mi="0" ci="3" mb="0" cb="0"/><line nr="370" mi="0" ci="5" mb="0" cb="0"/><line nr="371" mi="0" ci="3" mb="0" cb="0"/><line nr="372" mi="0" ci="4" mb="0" cb="0"/><line nr="373" mi="0" ci="6" mb="0" cb="0"/><line nr="374" mi="0" ci="2" mb="0" cb="0"/><line nr="375" mi="0" ci="1" mb="0" cb="0"/><line nr="376" mi="0" ci="1" mb="0" cb="0"/><line nr="377" mi="0" ci="1" mb="0" cb="0"/><line nr="378" mi="0" ci="2" mb="0" cb="0"/><line nr="379" mi="0" ci="1" mb="0" cb="0"/><line nr="380" mi="0" ci="3" mb="0" cb="0"/><line nr="381" mi="0" ci="1" mb="0" cb="0"/><line nr="382" mi="0" ci="2" mb="0" cb="0"/><line nr="384" mi="0" ci="5" mb="0" cb="0"/><line nr="385" mi="0" ci="5" mb="0" cb="0"/><line nr="390" mi="0" ci="5" mb="0" cb="0"/><line nr="391" mi="7" ci="4" mb="0" cb="0"/><line nr="393" mi="0" ci="3" mb="0" cb="0"/><line nr="394" mi="0" ci="3" mb="0" cb="0"/><line nr="396" mi="0" ci="3" mb="0" cb="2"/><line nr="397" mi="0" ci="4" mb="0" cb="0"/><line nr="398" mi="0" ci="1" mb="0" cb="0"/><line nr="399" mi="0" ci="3" mb="0" cb="0"/><line nr="402" mi="0" ci="6" mb="0" cb="0"/><line nr="403" mi="0" ci="2" mb="0" cb="0"/><line nr="404" mi="0" ci="1" mb="0" cb="0"/><line nr="405" mi="0" ci="1" mb="0" cb="0"/><line nr="406" mi="0" ci="1" mb="0" cb="0"/><line nr="407" mi="0" ci="2" mb="0" cb="0"/><line nr="408" mi="0" ci="1" mb="0" cb="0"/><line nr="409" mi="0" ci="1" mb="0" cb="0"/><line nr="410" mi="0" ci="1" mb="0" cb="0"/><line nr="411" mi="0" ci="2" mb="0" cb="0"/><line nr="413" mi="0" ci="4" mb="0" cb="2"/><line nr="414" mi="0" ci="8" mb="0" cb="0"/><line nr="415" mi="0" ci="6" mb="0" cb="0"/><line nr="418" mi="0" ci="5" mb="0" cb="0"/><line nr="423" mi="0" ci="4" mb="0" cb="0"/><line nr="424" mi="0" ci="6" mb="0" cb="0"/><line nr="425" mi="0" ci="6" mb="0" cb="0"/><line nr="426" mi="0" ci="6" mb="0" cb="0"/><line nr="427" mi="0" ci="6" mb="0" cb="0"/><line nr="428" mi="0" ci="6" mb="0" cb="0"/><line nr="429" mi="0" ci="6" mb="0" cb="0"/><line nr="430" mi="0" ci="6" mb="0" cb="0"/><line nr="431" mi="0" ci="6" mb="0" cb="0"/><line nr="433" mi="0" ci="4" mb="0" cb="0"/><line nr="434" mi="0" ci="6" mb="0" cb="0"/><line nr="435" mi="0" ci="6" mb="0" cb="0"/><line nr="436" mi="0" ci="6" mb="0" cb="0"/><line nr="437" mi="0" ci="6" mb="0" cb="0"/><line nr="438" mi="0" ci="6" mb="0" cb="0"/><line nr="439" mi="0" ci="6" mb="0" cb="0"/><line nr="440" mi="0" ci="6" mb="0" cb="0"/><line nr="441" mi="0" ci="6" mb="0" cb="0"/><line nr="442" mi="0" ci="6" mb="0" cb="0"/><line nr="443" mi="0" ci="6" mb="0" cb="0"/><line nr="444" mi="0" ci="7" mb="0" cb="0"/><line nr="445" mi="0" ci="2" mb="0" cb="0"/><line nr="450" mi="0" ci="8" mb="0" cb="0"/><line nr="461" mi="0" ci="2" mb="0" cb="0"/><line nr="462" mi="0" ci="5" mb="1" cb="3"/><line nr="463" mi="0" ci="5" mb="0" cb="0"/><line nr="466" mi="0" ci="7" mb="0" cb="0"/><line nr="467" mi="0" ci="1" mb="0" cb="0"/><line nr="468" mi="0" ci="3" mb="0" cb="0"/><line nr="469" mi="0" ci="1" mb="0" cb="0"/><line nr="470" mi="0" ci="3" mb="0" cb="0"/><line nr="471" mi="0" ci="3" mb="0" cb="0"/><line nr="477" mi="0" ci="7" mb="0" cb="0"/><line nr="482" mi="0" ci="8" mb="0" cb="0"/><line nr="487" mi="0" ci="6" mb="0" cb="0"/><line nr="488" mi="0" ci="5" mb="0" cb="0"/><line nr="489" mi="0" ci="5" mb="0" cb="0"/><line nr="490" mi="0" ci="2" mb="0" cb="0"/><line nr="494" mi="0" ci="8" mb="0" cb="0"/><line nr="498" mi="0" ci="3" mb="0" cb="0"/><line nr="500" mi="2" ci="7" mb="1" cb="1"/><line nr="501" mi="0" ci="3" mb="0" cb="2"/><line nr="502" mi="0" ci="5" mb="0" cb="0"/><line nr="505" mi="0" ci="6" mb="0" cb="0"/><line nr="506" mi="5" ci="3" mb="0" cb="0"/><line nr="508" mi="0" ci="2" mb="0" cb="0"/><line nr="509" mi="0" ci="5" mb="0" cb="2"/><line nr="510" mi="0" ci="5" mb="0" cb="0"/><line nr="513" mi="0" ci="4" mb="0" cb="0"/><line nr="514" mi="0" ci="2" mb="0" cb="0"/><line nr="515" mi="0" ci="3" mb="0" cb="0"/><line nr="517" mi="2" ci="4" mb="1" cb="1"/><line nr="518" mi="0" ci="5" mb="0" cb="0"/><line nr="519" mi="0" ci="4" mb="1" cb="1"/><line nr="520" mi="2" ci="0" mb="0" cb="0"/><line nr="523" mi="0" ci="5" mb="0" cb="2"/><line nr="524" mi="0" ci="4" mb="0" cb="0"/><line nr="525" mi="0" ci="3" mb="0" cb="0"/><line nr="529" mi="0" ci="2" mb="0" cb="0"/><line nr="533" mi="0" ci="5" mb="1" cb="1"/><line nr="534" mi="0" ci="1" mb="0" cb="0"/><line nr="537" mi="2" ci="0" mb="0" cb="0"/><line nr="538" mi="2" ci="0" mb="0" cb="0"/><line nr="539" mi="4" ci="0" mb="0" cb="0"/><line nr="540" mi="2" ci="0" mb="0" cb="0"/><line nr="541" mi="2" ci="0" mb="0" cb="0"/><line nr="542" mi="2" ci="0" mb="0" cb="0"/><line nr="543" mi="2" ci="0" mb="0" cb="0"/><line nr="544" mi="2" ci="0" mb="0" cb="0"/><line nr="545" mi="5" ci="0" mb="0" cb="0"/><line nr="546" mi="4" ci="0" mb="0" cb="0"/><line nr="547" mi="4" ci="0" mb="0" cb="0"/><line nr="548" mi="1" ci="0" mb="0" cb="0"/><line nr="550" mi="2" ci="0" mb="0" cb="0"/><line nr="551" mi="4" ci="0" mb="0" cb="0"/><line nr="552" mi="2" ci="0" mb="0" cb="0"/><line nr="553" mi="2" ci="0" mb="0" cb="0"/><line nr="554" mi="2" ci="0" mb="0" cb="0"/><line nr="555" mi="2" ci="0" mb="0" cb="0"/><line nr="556" mi="2" ci="0" mb="0" cb="0"/><line nr="557" mi="5" ci="0" mb="0" cb="0"/><line nr="558" mi="4" ci="0" mb="0" cb="0"/><line nr="559" mi="4" ci="0" mb="0" cb="0"/><line nr="560" mi="1" ci="0" mb="0" cb="0"/><line nr="562" mi="2" ci="0" mb="0" cb="0"/><line nr="563" mi="4" ci="0" mb="0" cb="0"/><line nr="564" mi="2" ci="0" mb="0" cb="0"/><line nr="565" mi="2" ci="0" mb="0" cb="0"/><line nr="566" mi="2" ci="0" mb="0" cb="0"/><line nr="567" mi="2" ci="0" mb="0" cb="0"/><line nr="568" mi="2" ci="0" mb="0" cb="0"/><line nr="569" mi="5" ci="0" mb="0" cb="0"/><line nr="570" mi="4" ci="0" mb="0" cb="0"/><line nr="571" mi="4" ci="0" mb="0" cb="0"/><line nr="572" mi="1" ci="0" mb="0" cb="0"/><line nr="574" mi="2" ci="0" mb="0" cb="0"/><line nr="575" mi="4" ci="0" mb="0" cb="0"/><line nr="576" mi="2" ci="0" mb="0" cb="0"/><line nr="577" mi="2" ci="0" mb="0" cb="0"/><line nr="578" mi="2" ci="0" mb="0" cb="0"/><line nr="579" mi="2" ci="0" mb="0" cb="0"/><line nr="580" mi="2" ci="0" mb="0" cb="0"/><line nr="581" mi="5" ci="0" mb="0" cb="0"/><line nr="582" mi="4" ci="0" mb="0" cb="0"/><line nr="583" mi="4" ci="0" mb="0" cb="0"/><line nr="584" mi="1" ci="0" mb="0" cb="0"/><line nr="586" mi="9" ci="0" mb="0" cb="0"/><line nr="587" mi="1" ci="0" mb="0" cb="0"/><line nr="591" mi="0" ci="4" mb="0" cb="0"/><line nr="592" mi="0" ci="6" mb="0" cb="0"/><line nr="593" mi="0" ci="6" mb="0" cb="0"/><line nr="594" mi="0" ci="5" mb="0" cb="0"/><line nr="595" mi="0" ci="5" mb="0" cb="0"/><line nr="596" mi="0" ci="4" mb="0" cb="0"/><line nr="597" mi="1" ci="1" mb="0" cb="0"/><line nr="598" mi="4" ci="0" mb="0" cb="0"/><line nr="600" mi="0" ci="1" mb="0" cb="0"/><line nr="604" mi="0" ci="4" mb="0" cb="0"/><line nr="605" mi="0" ci="6" mb="0" cb="0"/><line nr="606" mi="0" ci="6" mb="0" cb="0"/><line nr="607" mi="0" ci="5" mb="0" cb="0"/><line nr="608" mi="0" ci="5" mb="0" cb="0"/><line nr="609" mi="0" ci="6" mb="0" cb="0"/><line nr="610" mi="0" ci="4" mb="0" cb="0"/><line nr="611" mi="1" ci="1" mb="0" cb="0"/><line nr="612" mi="4" ci="0" mb="0" cb="0"/><line nr="614" mi="0" ci="1" mb="0" cb="0"/><line nr="618" mi="0" ci="4" mb="0" cb="0"/><line nr="619" mi="0" ci="6" mb="0" cb="0"/><line nr="620" mi="0" ci="6" mb="0" cb="0"/><line nr="621" mi="0" ci="6" mb="0" cb="0"/><line nr="622" mi="0" ci="4" mb="0" cb="0"/><line nr="623" mi="1" ci="1" mb="0" cb="0"/><line nr="624" mi="4" ci="0" mb="0" cb="0"/><line nr="626" mi="0" ci="1" mb="0" cb="0"/><line nr="630" mi="0" ci="4" mb="0" cb="0"/><line nr="631" mi="0" ci="6" mb="0" cb="0"/><line nr="632" mi="0" ci="6" mb="0" cb="0"/><line nr="633" mi="0" ci="6" mb="0" cb="0"/><line nr="634" mi="0" ci="5" mb="0" cb="0"/><line nr="635" mi="0" ci="4" mb="0" cb="0"/><line nr="636" mi="1" ci="1" mb="0" cb="0"/><line nr="637" mi="6" ci="0" mb="0" cb="0"/><line nr="639" mi="0" ci="1" mb="0" cb="0"/><line nr="643" mi="0" ci="4" mb="0" cb="0"/><line nr="644" mi="0" ci="5" mb="0" cb="0"/><line nr="645" mi="0" ci="6" mb="0" cb="0"/><line nr="646" mi="0" ci="5" mb="0" cb="0"/><line nr="647" mi="0" ci="3" mb="0" cb="0"/><line nr="648" mi="0" ci="1" mb="0" cb="0"/><line nr="649" mi="0" ci="13" mb="0" cb="0"/><line nr="651" mi="0" ci="5" mb="0" cb="0"/><line nr="652" mi="0" ci="5" mb="0" cb="0"/><line nr="653" mi="0" ci="5" mb="0" cb="0"/><line nr="654" mi="0" ci="4" mb="0" cb="0"/><line nr="655" mi="1" ci="1" mb="0" cb="0"/><line nr="656" mi="6" ci="0" mb="0" cb="0"/><line nr="658" mi="0" ci="1" mb="0" cb="0"/><line nr="661" mi="0" ci="3" mb="0" cb="0"/><line nr="662" mi="0" ci="3" mb="1" cb="1"/><line nr="663" mi="1" ci="0" mb="0" cb="0"/><line nr="665" mi="0" ci="4" mb="0" cb="0"/><line nr="666" mi="0" ci="11" mb="0" cb="2"/><line nr="668" mi="0" ci="4" mb="0" cb="0"/><line nr="669" mi="0" ci="5" mb="0" cb="0"/><line nr="670" mi="0" ci="6" mb="0" cb="0"/><line nr="671" mi="0" ci="5" mb="0" cb="0"/><line nr="672" mi="0" ci="3" mb="0" cb="0"/><line nr="673" mi="0" ci="1" mb="0" cb="0"/><line nr="674" mi="0" ci="2" mb="1" cb="1"/><line nr="675" mi="14" ci="0" mb="0" cb="0"/><line nr="676" mi="0" ci="1" mb="0" cb="0"/><line nr="677" mi="0" ci="5" mb="0" cb="0"/><line nr="678" mi="0" ci="4" mb="0" cb="0"/><line nr="679" mi="0" ci="5" mb="0" cb="0"/><line nr="680" mi="0" ci="2" mb="0" cb="0"/><line nr="683" mi="0" ci="5" mb="0" cb="0"/><line nr="684" mi="0" ci="5" mb="0" cb="0"/><line nr="685" mi="0" ci="5" mb="0" cb="0"/><line nr="686" mi="0" ci="4" mb="0" cb="0"/><line nr="687" mi="1" ci="1" mb="0" cb="0"/><line nr="688" mi="6" ci="0" mb="0" cb="0"/><line nr="691" mi="0" ci="1" mb="0" cb="0"/><line nr="696" mi="0" ci="4" mb="0" cb="0"/><line nr="697" mi="0" ci="2" mb="1" cb="1"/><line nr="698" mi="2" ci="0" mb="0" cb="0"/><line nr="700" mi="0" ci="4" mb="0" cb="0"/><line nr="701" mi="0" ci="7" mb="1" cb="1"/><line nr="702" mi="2" ci="0" mb="0" cb="0"/><line nr="704" mi="0" ci="3" mb="0" cb="0"/><line nr="705" mi="0" ci="6" mb="0" cb="0"/><line nr="706" mi="0" ci="6" mb="0" cb="0"/><line nr="707" mi="0" ci="9" mb="0" cb="0"/><line nr="708" mi="0" ci="9" mb="0" cb="0"/><line nr="709" mi="1" ci="12" mb="2" cb="2"/><line nr="710" mi="0" ci="1" mb="0" cb="0"/><line nr="711" mi="0" ci="1" mb="0" cb="0"/><line nr="712" mi="1" ci="0" mb="0" cb="0"/><line nr="713" mi="5" ci="0" mb="0" cb="0"/><line nr="714" mi="2" ci="0" mb="0" cb="0"/><line nr="719" mi="0" ci="2" mb="1" cb="1"/><line nr="720" mi="3" ci="0" mb="0" cb="0"/><line nr="721" mi="1" ci="0" mb="0" cb="0"/><line nr="724" mi="0" ci="6" mb="1" cb="3"/><line nr="725" mi="0" ci="3" mb="1" cb="1"/><line nr="726" mi="0" ci="3" mb="1" cb="1"/><line nr="727" mi="0" ci="4" mb="0" cb="0"/><line nr="729" mi="0" ci="1" mb="0" cb="0"/><line nr="732" mi="0" ci="8" mb="0" cb="0"/><line nr="733" mi="0" ci="4" mb="1" cb="1"/><line nr="734" mi="9" ci="0" mb="0" cb="0"/><line nr="736" mi="0" ci="1" mb="0" cb="0"/><line nr="739" mi="0" ci="3" mb="0" cb="0"/><line nr="740" mi="0" ci="2" mb="0" cb="2"/><line nr="741" mi="0" ci="1" mb="0" cb="0"/><line nr="743" mi="0" ci="4" mb="0" cb="0"/><line nr="744" mi="0" ci="2" mb="0" cb="0"/><line nr="745" mi="0" ci="3" mb="0" cb="0"/><line nr="746" mi="1" ci="7" mb="1" cb="1"/><line nr="747" mi="0" ci="4" mb="1" cb="1"/><line nr="748" mi="0" ci="4" mb="1" cb="1"/><line nr="749" mi="0" ci="2" mb="1" cb="1"/><line nr="750" mi="1" ci="0" mb="0" cb="0"/><line nr="752" mi="0" ci="6" mb="1" cb="3"/><line nr="753" mi="0" ci="7" mb="0" cb="0"/><line nr="755" mi="0" ci="1" mb="0" cb="0"/><line nr="758" mi="0" ci="3" mb="0" cb="2"/><line nr="759" mi="0" ci="7" mb="1" cb="3"/><line nr="760" mi="0" ci="5" mb="0" cb="0"/><line nr="762" mi="0" ci="1" mb="0" cb="0"/><line nr="765" mi="0" ci="3" mb="0" cb="2"/><line nr="766" mi="0" ci="10" mb="2" cb="4"/><line nr="767" mi="0" ci="5" mb="0" cb="0"/><line nr="770" mi="0" ci="1" mb="0" cb="0"/><line nr="773" mi="0" ci="3" mb="0" cb="2"/><line nr="774" mi="0" ci="10" mb="2" cb="4"/><line nr="775" mi="0" ci="5" mb="0" cb="0"/><line nr="778" mi="0" ci="1" mb="0" cb="0"/><line nr="781" mi="0" ci="3" mb="0" cb="0"/><line nr="782" mi="0" ci="2" mb="0" cb="2"/><line nr="783" mi="0" ci="2" mb="0" cb="0"/><line nr="785" mi="0" ci="4" mb="0" cb="0"/><line nr="786" mi="0" ci="2" mb="0" cb="0"/><line nr="787" mi="0" ci="3" mb="0" cb="0"/><line nr="788" mi="0" ci="8" mb="0" cb="2"/><line nr="789" mi="0" ci="4" mb="1" cb="1"/><line nr="790" mi="0" ci="4" mb="1" cb="1"/><line nr="794" mi="0" ci="3" mb="0" cb="0"/><line nr="795" mi="0" ci="2" mb="0" cb="2"/><line nr="796" mi="0" ci="2" mb="0" cb="0"/><line nr="798" mi="0" ci="4" mb="0" cb="0"/><line nr="799" mi="0" ci="2" mb="0" cb="0"/><line nr="800" mi="0" ci="3" mb="0" cb="0"/><line nr="801" mi="0" ci="8" mb="0" cb="2"/><line nr="802" mi="0" ci="4" mb="1" cb="1"/><line nr="803" mi="0" ci="4" mb="1" cb="1"/><line nr="804" mi="0" ci="4" mb="1" cb="1"/><line nr="808" mi="0" ci="5" mb="0" cb="0"/><line nr="809" mi="0" ci="7" mb="0" cb="0"/><line nr="810" mi="0" ci="9" mb="0" cb="0"/><line nr="811" mi="0" ci="8" mb="0" cb="0"/><line nr="812" mi="0" ci="7" mb="0" cb="0"/><line nr="813" mi="0" ci="7" mb="0" cb="0"/><line nr="814" mi="0" ci="6" mb="0" cb="0"/><line nr="815" mi="0" ci="6" mb="0" cb="0"/><line nr="816" mi="0" ci="6" mb="0" cb="0"/><line nr="817" mi="0" ci="2" mb="0" cb="0"/><line nr="822" mi="0" ci="2" mb="0" cb="0"/><line nr="823" mi="0" ci="2" mb="0" cb="0"/><line nr="825" mi="0" ci="4" mb="0" cb="0"/><line nr="826" mi="0" ci="2" mb="1" cb="1"/><line nr="827" mi="0" ci="4" mb="0" cb="0"/><line nr="828" mi="0" ci="6" mb="1" cb="1"/><line nr="829" mi="0" ci="6" mb="0" cb="0"/><line nr="830" mi="0" ci="6" mb="0" cb="0"/><line nr="831" mi="0" ci="5" mb="0" cb="0"/><line nr="832" mi="0" ci="3" mb="1" cb="1"/><line nr="833" mi="0" ci="2" mb="0" cb="0"/><line nr="835" mi="0" ci="6" mb="0" cb="0"/><line nr="838" mi="0" ci="2" mb="0" cb="0"/><line nr="839" mi="0" ci="5" mb="0" cb="0"/><line nr="841" mi="0" ci="3" mb="0" cb="0"/><line nr="842" mi="0" ci="3" mb="0" cb="0"/><line nr="843" mi="0" ci="1" mb="0" cb="0"/><line nr="846" mi="0" ci="2" mb="1" cb="1"/><line nr="847" mi="2" ci="0" mb="0" cb="0"/><line nr="849" mi="0" ci="4" mb="0" cb="0"/><line nr="850" mi="0" ci="7" mb="0" cb="2"/><line nr="854" mi="0" ci="2" mb="1" cb="1"/><line nr="855" mi="2" ci="0" mb="0" cb="0"/><line nr="857" mi="0" ci="6" mb="1" cb="1"/><line nr="858" mi="0" ci="4" mb="0" cb="0"/><line nr="861" mi="5" ci="0" mb="0" cb="0"/><line nr="862" mi="1" ci="0" mb="0" cb="0"/><line nr="863" mi="2" ci="0" mb="0" cb="0"/><line nr="868" mi="0" ci="2" mb="0" cb="2"/><line nr="869" mi="0" ci="2" mb="0" cb="0"/><line nr="871" mi="0" ci="4" mb="0" cb="0"/><line nr="872" mi="2" ci="5" mb="1" cb="1"/><line nr="876" mi="0" ci="5" mb="2" cb="2"/><line nr="877" mi="2" ci="0" mb="0" cb="0"/><line nr="880" mi="0" ci="4" mb="0" cb="0"/><line nr="881" mi="0" ci="1" mb="0" cb="0"/><line nr="882" mi="0" ci="5" mb="0" cb="0"/><line nr="887" mi="0" ci="9" mb="0" cb="2"/><line nr="888" mi="0" ci="5" mb="1" cb="1"/><line nr="889" mi="0" ci="5" mb="1" cb="1"/><line nr="890" mi="0" ci="5" mb="1" cb="1"/><line nr="894" mi="0" ci="2" mb="0" cb="0"/><line nr="895" mi="0" ci="3" mb="0" cb="0"/><line nr="896" mi="0" ci="3" mb="0" cb="0"/><line nr="897" mi="0" ci="3" mb="0" cb="0"/><line nr="898" mi="0" ci="3" mb="0" cb="0"/><line nr="899" mi="0" ci="3" mb="0" cb="0"/><line nr="900" mi="0" ci="3" mb="0" cb="0"/><line nr="901" mi="0" ci="1" mb="0" cb="0"/><line nr="905" mi="0" ci="2" mb="0" cb="0"/><line nr="906" mi="0" ci="3" mb="0" cb="0"/><line nr="907" mi="0" ci="3" mb="0" cb="0"/><line nr="908" mi="0" ci="3" mb="0" cb="0"/><line nr="909" mi="0" ci="3" mb="0" cb="0"/><line nr="910" mi="0" ci="3" mb="0" cb="0"/><line nr="911" mi="0" ci="3" mb="0" cb="0"/><line nr="912" mi="0" ci="3" mb="0" cb="0"/><line nr="913" mi="0" ci="3" mb="0" cb="0"/><line nr="914" mi="0" ci="3" mb="0" cb="0"/><line nr="915" mi="0" ci="3" mb="0" cb="0"/><line nr="916" mi="0" ci="3" mb="0" cb="0"/><line nr="917" mi="0" ci="1" mb="0" cb="0"/><line nr="930" mi="0" ci="2" mb="0" cb="0"/><line nr="931" mi="0" ci="3" mb="0" cb="0"/><line nr="932" mi="0" ci="3" mb="0" cb="0"/><line nr="933" mi="0" ci="2" mb="0" cb="0"/><line nr="934" mi="0" ci="2" mb="0" cb="0"/><line nr="935" mi="0" ci="2" mb="0" cb="0"/><line nr="936" mi="0" ci="2" mb="0" cb="0"/><line nr="937" mi="0" ci="2" mb="0" cb="0"/><line nr="938" mi="0" ci="2" mb="0" cb="0"/><line nr="939" mi="0" ci="2" mb="0" cb="0"/><line nr="940" mi="0" ci="1" mb="0" cb="0"/><line nr="941" mi="0" ci="5" mb="0" cb="0"/><line nr="942" mi="0" ci="1" mb="0" cb="0"/><counter type="INSTRUCTION" missed="305" covered="1909"/><counter type="BRANCH" missed="52" covered="126"/><counter type="LINE" missed="74" covered="484"/><counter type="COMPLEXITY" missed="62" covered="94"/><counter type="METHOD" missed="10" covered="57"/><counter type="CLASS" missed="0" covered="1"/></sourcefile><counter type="INSTRUCTION" missed="305" covered="1909"/><counter type="BRANCH" missed="52" covered="126"/><counter type="LINE" missed="74" covered="484"/><counter type="COMPLEXITY" missed="62" covered="94"/><counter type="METHOD" missed="10" covered="57"/><counter type="CLASS" missed="0" covered="1"/></package><package name="com/claimswift/claimservice/entity"><class name="com/claimswift/claimservice/entity/ClaimAuditEvent$AuditAction" sourcefilename="ClaimAuditEvent.java"><method name="&lt;clinit&gt;" desc="()V" line="75"><counter type="INSTRUCTION" missed="0" covered="54"/><counter type="LINE" missed="0" covered="6"/><counter type="COMPLEXITY" missed="0" covered="1"/><counter type="METHOD" missed="0" covered="1"/></method><counter type="INSTRUCTION" missed="0" covered="54"/><counter type="LINE" missed="0" covered="6"/><counter type="COMPLEXITY" missed="0" covered="1"/><counter type="METHOD" missed="0" covered="1"/><counter type="CLASS" missed="0" covered="1"/></class><class name="com/claimswift/claimservice/entity/Claim$ClaimStatus" sourcefilename="Claim.java"><method name="&lt;clinit&gt;" desc="()V" line="124"><counter type="INSTRUCTION" missed="0" covered="84"/><counter type="LINE" missed="0" covered="9"/><counter type="COMPLEXITY" missed="0" covered="1"/><counter type="METHOD" missed="0" covered="1"/></method><counter type="INSTRUCTION" missed="0" covered="84"/><counter type="LINE" missed="0" covered="9"/><counter type="COMPLEXITY" missed="0" covered="1"/><counter type="METHOD" missed="0" covered="1"/><counter type="CLASS" missed="0" covered="1"/></class><class name="com/claimswift/claimservice/entity/Policy" sourcefilename="Policy.java"/><class name="com/claimswift/claimservice/entity/ClaimAuditEvent$ClaimAuditEventBuilder" sourcefilename="ClaimAuditEvent.java"/><class name="com/claimswift/claimservice/entity/Claim$ClaimBuilder" sourcefilename="Claim.java"/><class name="com/claimswift/claimservice/entity/ClaimAuditEvent" sourcefilename="ClaimAuditEvent.java"/><class name="com/claimswift/claimservice/entity/Policy$PolicyBuilder" sourcefilename="Policy.java"/><class name="com/claimswift/claimservice/entity/Claim" sourcefilename="Claim.java"><method name="updateStatus" desc="(Lcom/claimswift/claimservice/entity/Claim$ClaimStatus;Ljava/lang/String;)V" line="139"><counter type="INSTRUCTION" missed="0" covered="10"/><counter type="LINE" missed="0" covered="4"/><counter type="COMPLEXITY" missed="0" covered="1"/><counter type="METHOD" missed="0" covered="1"/></method><counter type="INSTRUCTION" missed="0" covered="10"/><counter type="LINE" missed="0" covered="4"/><counter type="COMPLEXITY" missed="0" covered="1"/><counter type="METHOD" missed="0" covered="1"/><counter type="CLASS" missed="0" covered="1"/></class><sourcefile name="Claim.java"><line nr="124" mi="0" ci="36" mb="0" cb="0"/><line nr="125" mi="0" ci="6" mb="0" cb="0"/><line nr="126" mi="0" ci="6" mb="0" cb="0"/><line nr="127" mi="0" ci="6" mb="0" cb="0"/><line nr="128" mi="0" ci="6" mb="0" cb="0"/><line nr="129" mi="0" ci="6" mb="0" cb="0"/><line nr="130" mi="0" ci="6" mb="0" cb="0"/><line nr="131" mi="0" ci="6" mb="0" cb="0"/><line nr="132" mi="0" ci="6" mb="0" cb="0"/><line nr="139" mi="0" ci="3" mb="0" cb="0"/><line nr="140" mi="0" ci="3" mb="0" cb="0"/><line nr="141" mi="0" ci="3" mb="0" cb="0"/><line nr="142" mi="0" ci="1" mb="0" cb="0"/><counter type="INSTRUCTION" missed="0" covered="94"/><counter type="LINE" missed="0" covered="13"/><counter type="COMPLEXITY" missed="0" covered="2"/><counter type="METHOD" missed="0" covered="2"/><counter type="CLASS" missed="0" covered="2"/></sourcefile><sourcefile name="ClaimAuditEvent.java"><line nr="75" mi="0" ci="24" mb="0" cb="0"/><line nr="76" mi="0" ci="6" mb="0" cb="0"/><line nr="77" mi="0" ci="6" mb="0" cb="0"/><line nr="78" mi="0" ci="6" mb="0" cb="0"/><line nr="79" mi="0" ci="6" mb="0" cb="0"/><line nr="80" mi="0" ci="6" mb="0" cb="0"/><counter type="INSTRUCTION" missed="0" covered="54"/><counter type="LINE" missed="0" covered="6"/><counter type="COMPLEXITY" missed="0" covered="1"/><counter type="METHOD" missed="0" covered="1"/><counter type="CLASS" missed="0" covered="1"/></sourcefile><sourcefile name="Policy.java"/><counter type="INSTRUCTION" missed="0" covered="148"/><counter type="LINE" missed="0" covered="19"/><counter type="COMPLEXITY" missed="0" covered="3"/><counter type="METHOD" missed="0" covered="3"/><counter type="CLASS" missed="0" covered="3"/></package><package name="com/claimswift/claimservice/repository"><class name="com/claimswift/claimservice/repository/ClaimAuditEventRepository" sourcefilename="ClaimAuditEventRepository.java"/><class name="com/claimswift/claimservice/repository/PolicyRepository" sourcefilename="PolicyRepository.java"/><class name="com/claimswift/claimservice/repository/ClaimRepository" sourcefilename="ClaimRepository.java"/><sourcefile name="ClaimAuditEventRepository.java"/><sourcefile name="ClaimRepository.java"/><sourcefile name="PolicyRepository.java"/></package><package name="com/claimswift/claimservice/client"><class name="com/claimswift/claimservice/client/ReportingServiceClient" sourcefilename="ReportingServiceClient.java"/><class name="com/claimswift/claimservice/client/NotificationServiceClient" sourcefilename="NotificationServiceClient.java"/><class name="com/claimswift/claimservice/client/AssessmentServiceClient" sourcefilename="AssessmentServiceClient.java"/><class name="com/claimswift/claimservice/client/AuthServiceClient" sourcefilename="AuthServiceClient.java"/><sourcefile name="AuthServiceClient.java"/><sourcefile name="AssessmentServiceClient.java"/><sourcefile name="ReportingServiceClient.java"/><sourcefile name="NotificationServiceClient.java"/></package><package name="com/claimswift/claimservice/dto"><class name="com/claimswift/claimservice/dto/PolicyResponse$PolicyResponseBuilder" sourcefilename="PolicyResponse.java"/><class name="com/claimswift/claimservice/dto/PolicyPortfolioResponse$PolicyPortfolioResponseBuilder" sourcefilename="PolicyPortfolioResponse.java"/><class name="com/claimswift/claimservice/dto/PolicyResponse" sourcefilename="PolicyResponse.java"/><class name="com/claimswift/claimservice/dto/ClaimBankDetailsRequest" sourcefilename="ClaimBankDetailsRequest.java"/><class name="com/claimswift/claimservice/dto/ClaimBankDetailsRequest$ClaimBankDetailsRequestBuilder" sourcefilename="ClaimBankDetailsRequest.java"/><class name="com/claimswift/claimservice/dto/ClaimStatusUpdateRequest" sourcefilename="ClaimStatusUpdateRequest.java"/><class name="com/claimswift/claimservice/dto/ClaimResponse" sourcefilename="ClaimResponse.java"/><class name="com/claimswift/claimservice/dto/ClaimResponse$ClaimResponseBuilder" sourcefilename="ClaimResponse.java"/><class name="com/claimswift/claimservice/dto/PolicyPortfolioResponse" sourcefilename="PolicyPortfolioResponse.java"/><class name="com/claimswift/claimservice/dto/ClaimBankDetailsResponse$ClaimBankDetailsResponseBuilder" sourcefilename="ClaimBankDetailsResponse.java"/><class name="com/claimswift/claimservice/dto/ClaimAuditEventResponse" sourcefilename="ClaimAuditEventResponse.java"/><class name="com/claimswift/claimservice/dto/ClaimBankDetailsResponse" sourcefilename="ClaimBankDetailsResponse.java"/><class name="com/claimswift/claimservice/dto/ClaimStatusUpdateRequest$ClaimStatusUpdateRequestBuilder" sourcefilename="ClaimStatusUpdateRequest.java"/><class name="com/claimswift/claimservice/dto/ClaimAuditEventResponse$ClaimAuditEventResponseBuilder" sourcefilename="ClaimAuditEventResponse.java"/><class name="com/claimswift/claimservice/dto/ClaimRequest" sourcefilename="ClaimRequest.java"/><sourcefile name="ClaimStatusUpdateRequest.java"/><sourcefile name="ClaimRequest.java"/><sourcefile name="ClaimAuditEventResponse.java"/><sourcefile name="ClaimResponse.java"/><sourcefile name="PolicyPortfolioResponse.java"/><sourcefile name="ClaimBankDetailsRequest.java"/><sourcefile name="PolicyResponse.java"/><sourcefile name="ClaimBankDetailsResponse.java"/></package><counter type="INSTRUCTION" missed="305" covered="2057"/><counter type="BRANCH" missed="52" covered="126"/><counter type="LINE" missed="74" covered="503"/><counter type="COMPLEXITY" missed="62" covered="97"/><counter type="METHOD" missed="10" covered="60"/><counter type="CLASS" missed="0" covered="4"/></report>