GROUP,PACKAGE,CLASS,INSTRUCTION_MISSED,INSTRUCTION_COVERED,BRANCH_MISSED,BRANCH_COVERED,LINE_MISSED,LINE_COVERED,COMPLEXITY_MISSED,COMPLEXITY_COVERED,METHOD_MISSED,METHOD_COVERED
Notification Service,com.claimswift.notificationservice.dto,NotificationMessage,0,39,0,0,0,14,0,1,0,1
Notification Service,com.claimswift.notificationservice.entity,Notification.NotificationType,0,84,0,0,0,9,0,1,0,1
Notification Service,com.claimswift.notificationservice.entity,Notification.NotificationStatus,0,44,0,0,0,5,0,1,0,1
Notification Service,com.claimswift.notificationservice.service,NotificationService,7,234,1,3,0,63,2,13,1,12
